<?xml version="1.0" encoding="UTF-8"?>
<testsuite name="com.gildedrose.GildedRoseTest" tests="1" skipped="0" failures="0" errors="0" timestamp="2020-11-11T06:28:11" hostname="TSE1" time="0.034">
  <properties/>
  <testcase name="updateQualityTest()" classname="com.gildedrose.GildedRoseTest" time="0.034"/>
  <system-out><![CDATA[]]></system-out>
  <system-err><![CDATA[]]></system-err>
</testsuite>
